
echoenv:

---------------------------     PROPERTY FILES
READING  BUILD DEPENDENCY PROPS: C:\Projects\Sears\MarketPlatformRemoteService\MarketPlatform.RemoteService.Notification/build/build-deps.properties
SKIPPING USER PROPS: C:\Users\dmitzel.CORP/asl.properties
SKIPPING PROJECT PROPS: asl.properties
SKIPPING HOST PROPS: C:\Program Files\Common Files/SLCommonBuild/host.properties
    

---------------------------     PROJECT PROPERTIES
sl-common.branch-dir=           C:\Projects\Sears
sl-svn.rev (subversion rev#)=   exported

---------------------------     SYSTEM PROPERTIES
time=                           10-February-2010 18:37

java.home=                      C:\Program Files\Java\jdk1.5.0_21\jre
java.version=                   1.5.0_22
build.compiler=                 javac1.5

hostname=                       BARUTO
os.name, arch, family=          Windows 7, amd64, windows

ant.version=                    Apache Ant version 1.7.1 compiled on June 27 2008
basedir=                        C:\Projects\Sears\MarketPlatformRemoteService\MarketPlatform.RemoteService.Notification
user.dir=                       C:\Projects\Sears\MarketPlatformRemoteService\MarketPlatform.RemoteService.Notification\build
user.home=                      C:\Users\dmitzel.CORP

---------------------------     COMMON PROPERTIES
common.target-dir=              C:\Projects\Sears\MarketPlatformRemoteService\MarketPlatform.RemoteService.Notification\target
common.dist-dir=                C:\Projects\Sears\MarketPlatformRemoteService\MarketPlatform.RemoteService.Notification\target\dist

---------------------------     COMPILE / JAR
java-build.src-dir=             C:\Projects\Sears\MarketPlatformRemoteService\MarketPlatform.RemoteService.Notification\src\main\java
java-build.lib-dir=             C:\Projects\Sears\SLCommonBuild\lib
java-build.classes-dir=         C:\Projects\Sears\MarketPlatformRemoteService\MarketPlatform.RemoteService.Notification\target\classes
java-build.dist-filename=       MarketPlatform.RemoteService.Notification.jar
java-build.dist-file=           C:\Projects\Sears\MarketPlatformRemoteService\MarketPlatform.RemoteService.Notification\target\dist\MarketPlatform.RemoteService.Notification.jar
java-build.source-ver=          1.5
java-build.target-ver=          1.5
java-build.debug=               on

---------------------------     WAR
java-war.dist-filename=         MarketPlatform.RemoteService.Notification.war
java-war.dist-file=             C:\Projects\Sears\MarketPlatformRemoteService\MarketPlatform.RemoteService.Notification\target\dist\MarketPlatform.RemoteService.Notification.war
java-war.libs-dir=              C:\Projects\Sears\MarketPlatformRemoteService\MarketPlatform.RemoteService.Notification\target\dist\war-libs
java-war.web-content-dir=       C:\Projects\Sears\MarketPlatformRemoteService\MarketPlatform.RemoteService.Notification\src\main\webapp
java-war.web-xml=               C:\Projects\Sears\MarketPlatformRemoteService\MarketPlatform.RemoteService.Notification\src\main\webapp\WEB-INF
java-war.webapp-name=           C:\Projects\Sears\MarketPlatformRemoteService\MarketPlatform.RemoteService.Notification\MarketPlatform.RemoteService.Notification

---------------------------     TEST
java-test.src-dir=              C:\Projects\Sears\MarketPlatformRemoteService\MarketPlatform.RemoteService.Notification\src\test\java
java-test.classes-dir=          C:\Projects\Sears\MarketPlatformRemoteService\MarketPlatform.RemoteService.Notification\target\test-classes
java-test.test-data-dir=        C:\Projects\Sears\MarketPlatformRemoteService\MarketPlatform.RemoteService.Notification\target\test-data
java-test.basedir=              C:\Projects\Sears\SLCommonBuild\ant\opt\ant-script-library
java-test.classpath=            C:\Projects\Sears\SLCommonBuild\lib\nondeployables\junit-4.3.1.jar;C:\Projects\Sears\SLCommonBuild\lib\nondeployables\spring-mock-2.0.8.jar;C:\Projects\Sears\MarketPlatformRemoteService\MarketPlatform.RemoteService.Notification\target\dist\MarketPlatform.RemoteService.Notification.jar;C:\Projects\Sears\SLCommonBuild\lib\deployables\j2ee-1.4.jar;C:\Projects\Sears\SLCommonBuild\lib\deployables\spring-2.5.6.SEC01.jar;C:\Projects\Sears\SLCommonBuild\lib\deployables\ejb3-persistence-1.0.2.GA.jar;C:\Projects\Sears\SLCommonBuild\lib\deployables\hibernate-3.3.2.GA.jar;C:\Projects\Sears\SLCommonBuild\lib\deployables\hibernate-annotations-3.4.0.GA.jar;C:\Projects\Sears\SLCommonBuild\lib\deployables\hibernate-commons-annotations-3.1.0.GA.jar;C:\Projects\Sears\SLCommonBuild\lib\deployables\hibernate-entitymanager-3.4.0.GA.jar;C:\Projects\Sears\SLCommonBuild\lib\deployables\hibernate-validator-3.1.0.GA.jar;C:\Projects\Sears\SLCommonBuild\lib\deployables\slf4j-api-1.5.8.jar;C:\Projects\Sears\SLCommonBuild\lib\deployables\slf4j-simple-1.5.8.jar;C:\Projects\Sears\SLCommonBuild\lib\deployables\dozer-5.1.jar;C:\Projects\Sears\SLCommonBuild\lib\deployables\commons-logging-1.1.jar;C:\Projects\Sears\SLCommonBuild\lib\deployables\commons-lang-2.3.jar;C:\Projects\Sears\SLCommonBuild\lib\deployables\commons-collections-3.1.jar;C:\Projects\Sears\SLCommonBuild\lib\deployables\commons-beanutils-1.7.0.jar;C:\Projects\Sears\SLCommonBuild\lib\nondeployables\log4j-1.2.8.jar;C:\Projects\Sears\SLCommonBuild\lib\nondeployables\commons-logging-1.1.jar;C:\Projects\Sears\SLCommonBuild\lib\generated\MarketPlatform.RemoteService.Common.jar;C:\Projects\Sears\SLCommonBuild\lib\generated\MarketPlatform.RemoteService.BusinessInterface.jar;C:\Projects\Sears\SLCommonBuild\lib\generated\MarketPlatform.RemoteService.BusinessImpl.jar;C:\Projects\Sears\SLCommonBuild\lib\generated\MarketPlatform.RemoteService.Domain.jar

---------------------------     CLASSPATH 
java-build.classpath=           C:\Projects\Sears\SLCommonBuild\lib\deployables\j2ee-1.4.jar;C:\Projects\Sears\SLCommonBuild\lib\deployables\spring-2.5.6.SEC01.jar;C:\Projects\Sears\SLCommonBuild\lib\deployables\ejb3-persistence-1.0.2.GA.jar;C:\Projects\Sears\SLCommonBuild\lib\deployables\hibernate-3.3.2.GA.jar;C:\Projects\Sears\SLCommonBuild\lib\deployables\hibernate-annotations-3.4.0.GA.jar;C:\Projects\Sears\SLCommonBuild\lib\deployables\hibernate-commons-annotations-3.1.0.GA.jar;C:\Projects\Sears\SLCommonBuild\lib\deployables\hibernate-entitymanager-3.4.0.GA.jar;C:\Projects\Sears\SLCommonBuild\lib\deployables\hibernate-validator-3.1.0.GA.jar;C:\Projects\Sears\SLCommonBuild\lib\deployables\slf4j-api-1.5.8.jar;C:\Projects\Sears\SLCommonBuild\lib\deployables\slf4j-simple-1.5.8.jar;C:\Projects\Sears\SLCommonBuild\lib\deployables\dozer-5.1.jar;C:\Projects\Sears\SLCommonBuild\lib\deployables\commons-logging-1.1.jar;C:\Projects\Sears\SLCommonBuild\lib\deployables\commons-lang-2.3.jar;C:\Projects\Sears\SLCommonBuild\lib\deployables\commons-collections-3.1.jar;C:\Projects\Sears\SLCommonBuild\lib\deployables\commons-beanutils-1.7.0.jar;C:\Projects\Sears\SLCommonBuild\lib\nondeployables\log4j-1.2.8.jar;C:\Projects\Sears\SLCommonBuild\lib\nondeployables\commons-logging-1.1.jar;C:\Projects\Sears\SLCommonBuild\lib\generated\MarketPlatform.RemoteService.Common.jar;C:\Projects\Sears\SLCommonBuild\lib\generated\MarketPlatform.RemoteService.BusinessInterface.jar;C:\Projects\Sears\SLCommonBuild\lib\generated\MarketPlatform.RemoteService.BusinessImpl.jar;C:\Projects\Sears\SLCommonBuild\lib\generated\MarketPlatform.RemoteService.Domain.jar

NON-DEPLOYABLES=                C:\Projects\Sears\SLCommonBuild\lib\nondeployables\log4j-1.2.8.jar;C:\Projects\Sears\SLCommonBuild\lib\nondeployables\commons-logging-1.1.jar

DEPLOYABLES=                    C:\Projects\Sears\SLCommonBuild\lib\deployables\j2ee-1.4.jar;C:\Projects\Sears\SLCommonBuild\lib\deployables\spring-2.5.6.SEC01.jar;C:\Projects\Sears\SLCommonBuild\lib\deployables\ejb3-persistence-1.0.2.GA.jar;C:\Projects\Sears\SLCommonBuild\lib\deployables\hibernate-3.3.2.GA.jar;C:\Projects\Sears\SLCommonBuild\lib\deployables\hibernate-annotations-3.4.0.GA.jar;C:\Projects\Sears\SLCommonBuild\lib\deployables\hibernate-commons-annotations-3.1.0.GA.jar;C:\Projects\Sears\SLCommonBuild\lib\deployables\hibernate-entitymanager-3.4.0.GA.jar;C:\Projects\Sears\SLCommonBuild\lib\deployables\hibernate-validator-3.1.0.GA.jar;C:\Projects\Sears\SLCommonBuild\lib\deployables\slf4j-api-1.5.8.jar;C:\Projects\Sears\SLCommonBuild\lib\deployables\slf4j-simple-1.5.8.jar;C:\Projects\Sears\SLCommonBuild\lib\deployables\dozer-5.1.jar;C:\Projects\Sears\SLCommonBuild\lib\deployables\commons-logging-1.1.jar;C:\Projects\Sears\SLCommonBuild\lib\deployables\commons-lang-2.3.jar;C:\Projects\Sears\SLCommonBuild\lib\deployables\commons-collections-3.1.jar;C:\Projects\Sears\SLCommonBuild\lib\deployables\commons-beanutils-1.7.0.jar

GENERATED=                      C:\Projects\Sears\SLCommonBuild\lib\generated\MarketPlatform.RemoteService.Common.jar;C:\Projects\Sears\SLCommonBuild\lib\generated\MarketPlatform.RemoteService.BusinessInterface.jar;C:\Projects\Sears\SLCommonBuild\lib\generated\MarketPlatform.RemoteService.BusinessImpl.jar;C:\Projects\Sears\SLCommonBuild\lib\generated\MarketPlatform.RemoteService.Domain.jar
        

-build-missing-generated:

generate:

compile:

copy-resources:

jar:
Building jar: C:\Projects\Sears\MarketPlatformRemoteService\MarketPlatform.RemoteService.Notification\target\dist\MarketPlatform.RemoteService.Notification.jar

-war-prepare-libs:
Copying 19 files to C:\Projects\Sears\MarketPlatformRemoteService\MarketPlatform.RemoteService.Notification\target\dist\war-libs
Copying C:\Projects\Sears\SLCommonBuild\lib\deployables\commons-lang-2.3.jar to C:\Projects\Sears\MarketPlatformRemoteService\MarketPlatform.RemoteService.Notification\target\dist\war-libs\commons-lang-2.3.jar
Copying C:\Projects\Sears\SLCommonBuild\lib\deployables\hibernate-entitymanager-3.4.0.GA.jar to C:\Projects\Sears\MarketPlatformRemoteService\MarketPlatform.RemoteService.Notification\target\dist\war-libs\hibernate-entitymanager-3.4.0.GA.jar
Copying C:\Projects\Sears\SLCommonBuild\lib\generated\MarketPlatform.RemoteService.BusinessImpl.jar to C:\Projects\Sears\MarketPlatformRemoteService\MarketPlatform.RemoteService.Notification\target\dist\war-libs\MarketPlatform.RemoteService.BusinessImpl.jar
Copying C:\Projects\Sears\SLCommonBuild\lib\deployables\commons-collections-3.1.jar to C:\Projects\Sears\MarketPlatformRemoteService\MarketPlatform.RemoteService.Notification\target\dist\war-libs\commons-collections-3.1.jar
Copying C:\Projects\Sears\SLCommonBuild\lib\generated\MarketPlatform.RemoteService.BusinessInterface.jar to C:\Projects\Sears\MarketPlatformRemoteService\MarketPlatform.RemoteService.Notification\target\dist\war-libs\MarketPlatform.RemoteService.BusinessInterface.jar
Copying C:\Projects\Sears\SLCommonBuild\lib\deployables\hibernate-annotations-3.4.0.GA.jar to C:\Projects\Sears\MarketPlatformRemoteService\MarketPlatform.RemoteService.Notification\target\dist\war-libs\hibernate-annotations-3.4.0.GA.jar
Copying C:\Projects\Sears\SLCommonBuild\lib\deployables\hibernate-3.3.2.GA.jar to C:\Projects\Sears\MarketPlatformRemoteService\MarketPlatform.RemoteService.Notification\target\dist\war-libs\hibernate-3.3.2.GA.jar
Copying C:\Projects\Sears\SLCommonBuild\lib\deployables\commons-beanutils-1.7.0.jar to C:\Projects\Sears\MarketPlatformRemoteService\MarketPlatform.RemoteService.Notification\target\dist\war-libs\commons-beanutils-1.7.0.jar
Copying C:\Projects\Sears\SLCommonBuild\lib\deployables\j2ee-1.4.jar to C:\Projects\Sears\MarketPlatformRemoteService\MarketPlatform.RemoteService.Notification\target\dist\war-libs\j2ee-1.4.jar
Copying C:\Projects\Sears\SLCommonBuild\lib\deployables\hibernate-validator-3.1.0.GA.jar to C:\Projects\Sears\MarketPlatformRemoteService\MarketPlatform.RemoteService.Notification\target\dist\war-libs\hibernate-validator-3.1.0.GA.jar
Copying C:\Projects\Sears\SLCommonBuild\lib\generated\MarketPlatform.RemoteService.Domain.jar to C:\Projects\Sears\MarketPlatformRemoteService\MarketPlatform.RemoteService.Notification\target\dist\war-libs\MarketPlatform.RemoteService.Domain.jar
Copying C:\Projects\Sears\SLCommonBuild\lib\deployables\slf4j-simple-1.5.8.jar to C:\Projects\Sears\MarketPlatformRemoteService\MarketPlatform.RemoteService.Notification\target\dist\war-libs\slf4j-simple-1.5.8.jar
Copying C:\Projects\Sears\SLCommonBuild\lib\generated\MarketPlatform.RemoteService.Common.jar to C:\Projects\Sears\MarketPlatformRemoteService\MarketPlatform.RemoteService.Notification\target\dist\war-libs\MarketPlatform.RemoteService.Common.jar
Copying C:\Projects\Sears\SLCommonBuild\lib\deployables\slf4j-api-1.5.8.jar to C:\Projects\Sears\MarketPlatformRemoteService\MarketPlatform.RemoteService.Notification\target\dist\war-libs\slf4j-api-1.5.8.jar
Copying C:\Projects\Sears\SLCommonBuild\lib\deployables\spring-2.5.6.SEC01.jar to C:\Projects\Sears\MarketPlatformRemoteService\MarketPlatform.RemoteService.Notification\target\dist\war-libs\spring-2.5.6.SEC01.jar
Copying C:\Projects\Sears\SLCommonBuild\lib\deployables\dozer-5.1.jar to C:\Projects\Sears\MarketPlatformRemoteService\MarketPlatform.RemoteService.Notification\target\dist\war-libs\dozer-5.1.jar
Copying C:\Projects\Sears\SLCommonBuild\lib\deployables\ejb3-persistence-1.0.2.GA.jar to C:\Projects\Sears\MarketPlatformRemoteService\MarketPlatform.RemoteService.Notification\target\dist\war-libs\ejb3-persistence-1.0.2.GA.jar
Copying C:\Projects\Sears\SLCommonBuild\lib\deployables\hibernate-commons-annotations-3.1.0.GA.jar to C:\Projects\Sears\MarketPlatformRemoteService\MarketPlatform.RemoteService.Notification\target\dist\war-libs\hibernate-commons-annotations-3.1.0.GA.jar
Copying C:\Projects\Sears\SLCommonBuild\lib\deployables\commons-logging-1.1.jar to C:\Projects\Sears\MarketPlatformRemoteService\MarketPlatform.RemoteService.Notification\target\dist\war-libs\commons-logging-1.1.jar

war:
Building war: C:\Projects\Sears\MarketPlatformRemoteService\MarketPlatform.RemoteService.Notification\target\dist\MarketPlatform.RemoteService.Notification.war
Updating zip: C:\Projects\Sears\MarketPlatformRemoteService\MarketPlatform.RemoteService.Notification\target\dist\MarketPlatform.RemoteService.Notification.war
BUILD SUCCESSFUL

BUILD SUCCESSFUL
