
echoenv:

---------------------------     PROPERTY FILES
READING  BUILD DEPENDENCY PROPS: C:\Users\asamso0\Eclipse-WS\ServiceLive16_6_16\OrderFulfillment\OrderFulfillment.Domain/wildfly-build/build-deps.properties
SKIPPING USER PROPS: C:\Users\asamso0/asl.properties
SKIPPING PROJECT PROPS: asl.properties
SKIPPING HOST PROPS: C:\Program Files\Common Files/SLCommonBuild/host.properties
    

---------------------------     PROJECT PROPERTIES
sl-common.branch-dir=           C:\Users\asamso0\Eclipse-WS\ServiceLive16_6_16
sl-svn.rev (subversion rev#)=   exported

---------------------------     SYSTEM PROPERTIES
time=                           13-August-2020 14:06

java.home=                      C:\Program Files\Java\jre1.8.0_111
java.version=                   1.8.0_111
build.compiler=                 javac1.8

hostname=                       ITG00490DV15C54
os.name, arch, family=          Windows 7, amd64, windows

ant.version=                    Apache Ant(TM) version 1.9.4 compiled on April 29 2014
basedir=                        C:\Users\asamso0\Eclipse-WS\ServiceLive16_6_16\OrderFulfillment\OrderFulfillment.Domain
user.dir=                       C:\Users\asamso0\Eclipse-WS\ServiceLive16_6_16\MarketProviderAPI\wildfly-build
user.home=                      C:\Users\asamso0

---------------------------     COMMON PROPERTIES
common.target-dir=              C:\Users\asamso0\Eclipse-WS\ServiceLive16_6_16\OrderFulfillment\OrderFulfillment.Domain\target
common.dist-dir=                C:\Users\asamso0\Eclipse-WS\ServiceLive16_6_16\OrderFulfillment\OrderFulfillment.Domain\target\dist

---------------------------     COMPILE / JAR
java-build.src-dir=             C:\Users\asamso0\Eclipse-WS\ServiceLive16_6_16\OrderFulfillment\OrderFulfillment.Domain\src\main\java
java-build.lib-dir=             C:\Users\asamso0\Eclipse-WS\ServiceLive16_6_16\SLCommonBuild\lib
java-build.classes-dir=         C:\Users\asamso0\Eclipse-WS\ServiceLive16_6_16\OrderFulfillment\OrderFulfillment.Domain\target\classes
java-build.dist-filename=       OrderFulfillment.Domain.jar
java-build.dist-file=           C:\Users\asamso0\Eclipse-WS\ServiceLive16_6_16\OrderFulfillment\OrderFulfillment.Domain\target\dist\OrderFulfillment.Domain.jar
java-build.source-ver=          1.8
java-build.target-ver=          1.8
java-build.debug=               on

---------------------------     WAR
java-war.dist-filename=         OrderFulfillment.Domain.war
java-war.dist-file=             C:\Users\asamso0\Eclipse-WS\ServiceLive16_6_16\OrderFulfillment\OrderFulfillment.Domain\target\dist\OrderFulfillment.Domain.war
java-war.libs-dir=              C:\Users\asamso0\Eclipse-WS\ServiceLive16_6_16\OrderFulfillment\OrderFulfillment.Domain\target\dist\war-libs
java-war.web-content-dir=       C:\Users\asamso0\Eclipse-WS\ServiceLive16_6_16\OrderFulfillment\OrderFulfillment.Domain\src\main\webapp
java-war.web-xml=               C:\Users\asamso0\Eclipse-WS\ServiceLive16_6_16\OrderFulfillment\OrderFulfillment.Domain\src\main\webapp\WEB-INF
java-war.webapp-name=           C:\Users\asamso0\Eclipse-WS\ServiceLive16_6_16\OrderFulfillment\OrderFulfillment.Domain\OrderFulfillment.Domain

---------------------------     TEST
java-test.src-dir=              C:\Users\asamso0\Eclipse-WS\ServiceLive16_6_16\OrderFulfillment\OrderFulfillment.Domain\src\test\java
java-test.classes-dir=          C:\Users\asamso0\Eclipse-WS\ServiceLive16_6_16\OrderFulfillment\OrderFulfillment.Domain\target\test-classes
java-test.test-data-dir=        C:\Users\asamso0\Eclipse-WS\ServiceLive16_6_16\OrderFulfillment\OrderFulfillment.Domain\target\test-data
java-test.basedir=              C:\Users\asamso0\Eclipse-WS\ServiceLive16_6_16\SLCommonBuild\ant\wildfly-opt\ant-script-library
java-test.classpath=            C:\Users\asamso0\Eclipse-WS\ServiceLive16_6_16\SLCommonBuild\lib\nondeployables\junit-4.3.1.jar;C:\Users\asamso0\Eclipse-WS\ServiceLive16_6_16\SLCommonBuild\lib\nondeployables\spring-mock-2.0.8.jar;C:\Users\asamso0\Eclipse-WS\ServiceLive16_6_16\OrderFulfillment\OrderFulfillment.Domain\target\dist\OrderFulfillment.Domain.jar;C:\Users\asamso0\Eclipse-WS\ServiceLive16_6_16\SLCommonBuild\lib\deployables\ejb3-persistence-1.0.2.GA.jar;C:\Users\asamso0\Eclipse-WS\ServiceLive16_6_16\SLCommonBuild\lib\deployables\hibernate-3.3.2.GA.jar;C:\Users\asamso0\Eclipse-WS\ServiceLive16_6_16\SLCommonBuild\lib\deployables\hibernate-annotations-3.4.0.GA.jar;C:\Users\asamso0\Eclipse-WS\ServiceLive16_6_16\SLCommonBuild\lib\deployables\hibernate-commons-annotations-3.1.0.GA.jar;C:\Users\asamso0\Eclipse-WS\ServiceLive16_6_16\SLCommonBuild\lib\deployables\hibernate-entitymanager-3.4.0.GA.jar;C:\Users\asamso0\Eclipse-WS\ServiceLive16_6_16\SLCommonBuild\lib\deployables\hibernate-validator-3.1.0.GA.jar;C:\Users\asamso0\Eclipse-WS\ServiceLive16_6_16\SLCommonBuild\lib\deployables\jaxb-api-2.1.jar;C:\Users\asamso0\Eclipse-WS\ServiceLive16_6_16\SLCommonBuild\lib\deployables\jaxb-impl-2.1.10.jar;C:\Users\asamso0\Eclipse-WS\ServiceLive16_6_16\SLCommonBuild\lib\deployables\commons-lang-2.3.jar;C:\Users\asamso0\Eclipse-WS\ServiceLive16_6_16\SLCommonBuild\lib\nondeployables\log4j-1.2.8.jar;C:\Users\asamso0\Eclipse-WS\ServiceLive16_6_16\SLCommonBuild\lib\nondeployables\commons-logging-1.1.jar

---------------------------     CLASSPATH 
java-build.classpath=           C:\Users\asamso0\Eclipse-WS\ServiceLive16_6_16\SLCommonBuild\lib\deployables\ejb3-persistence-1.0.2.GA.jar;C:\Users\asamso0\Eclipse-WS\ServiceLive16_6_16\SLCommonBuild\lib\deployables\hibernate-3.3.2.GA.jar;C:\Users\asamso0\Eclipse-WS\ServiceLive16_6_16\SLCommonBuild\lib\deployables\hibernate-annotations-3.4.0.GA.jar;C:\Users\asamso0\Eclipse-WS\ServiceLive16_6_16\SLCommonBuild\lib\deployables\hibernate-commons-annotations-3.1.0.GA.jar;C:\Users\asamso0\Eclipse-WS\ServiceLive16_6_16\SLCommonBuild\lib\deployables\hibernate-entitymanager-3.4.0.GA.jar;C:\Users\asamso0\Eclipse-WS\ServiceLive16_6_16\SLCommonBuild\lib\deployables\hibernate-validator-3.1.0.GA.jar;C:\Users\asamso0\Eclipse-WS\ServiceLive16_6_16\SLCommonBuild\lib\deployables\jaxb-api-2.1.jar;C:\Users\asamso0\Eclipse-WS\ServiceLive16_6_16\SLCommonBuild\lib\deployables\jaxb-impl-2.1.10.jar;C:\Users\asamso0\Eclipse-WS\ServiceLive16_6_16\SLCommonBuild\lib\deployables\commons-lang-2.3.jar;C:\Users\asamso0\Eclipse-WS\ServiceLive16_6_16\SLCommonBuild\lib\nondeployables\log4j-1.2.8.jar;C:\Users\asamso0\Eclipse-WS\ServiceLive16_6_16\SLCommonBuild\lib\nondeployables\commons-logging-1.1.jar

NON-DEPLOYABLES=                C:\Users\asamso0\Eclipse-WS\ServiceLive16_6_16\SLCommonBuild\lib\nondeployables\log4j-1.2.8.jar;C:\Users\asamso0\Eclipse-WS\ServiceLive16_6_16\SLCommonBuild\lib\nondeployables\commons-logging-1.1.jar

DEPLOYABLES=                    C:\Users\asamso0\Eclipse-WS\ServiceLive16_6_16\SLCommonBuild\lib\deployables\ejb3-persistence-1.0.2.GA.jar;C:\Users\asamso0\Eclipse-WS\ServiceLive16_6_16\SLCommonBuild\lib\deployables\hibernate-3.3.2.GA.jar;C:\Users\asamso0\Eclipse-WS\ServiceLive16_6_16\SLCommonBuild\lib\deployables\hibernate-annotations-3.4.0.GA.jar;C:\Users\asamso0\Eclipse-WS\ServiceLive16_6_16\SLCommonBuild\lib\deployables\hibernate-commons-annotations-3.1.0.GA.jar;C:\Users\asamso0\Eclipse-WS\ServiceLive16_6_16\SLCommonBuild\lib\deployables\hibernate-entitymanager-3.4.0.GA.jar;C:\Users\asamso0\Eclipse-WS\ServiceLive16_6_16\SLCommonBuild\lib\deployables\hibernate-validator-3.1.0.GA.jar;C:\Users\asamso0\Eclipse-WS\ServiceLive16_6_16\SLCommonBuild\lib\deployables\jaxb-api-2.1.jar;C:\Users\asamso0\Eclipse-WS\ServiceLive16_6_16\SLCommonBuild\lib\deployables\jaxb-impl-2.1.10.jar;C:\Users\asamso0\Eclipse-WS\ServiceLive16_6_16\SLCommonBuild\lib\deployables\commons-lang-2.3.jar

GENERATED=                      ${java-build.generated-classpath.ref}
    	
---------------------------     JUNIT
junit-report.dir=          	    C:\Users\asamso0\Eclipse-WS\ServiceLive16_6_16\OrderFulfillment\OrderFulfillment.Domain/OrderFulfillment.DomainReports
junit-jar.dir=                  C:\Users\asamso0\Eclipse-WS\ServiceLive16_6_16\SLCommonBuild/lib/nondeployables
    	
        

-build-missing-generated:

generate:

compile:
Deleting directory C:\Users\asamso0\Eclipse-WS\ServiceLive16_6_16\OrderFulfillment\OrderFulfillment.Domain\target\classes
Created dir: C:\Users\asamso0\Eclipse-WS\ServiceLive16_6_16\OrderFulfillment\OrderFulfillment.Domain\target\classes
C:\Users\asamso0\Eclipse-WS\ServiceLive16_6_16\SLCommonBuild\ant\wildfly-opt\ant-script-library\asl-java-build.xml:103: warning: 'includeantruntime' was not set, defaulting to build.sysclasspath=last; set to false for repeatable builds
Compiling 100 source files to C:\Users\asamso0\Eclipse-WS\ServiceLive16_6_16\OrderFulfillment\OrderFulfillment.Domain\target\classes

copy-resources:
Copying 1 file to C:\Users\asamso0\Eclipse-WS\ServiceLive16_6_16\OrderFulfillment\OrderFulfillment.Domain\target\classes

jar:
Building jar: C:\Users\asamso0\Eclipse-WS\ServiceLive16_6_16\OrderFulfillment\OrderFulfillment.Domain\target\dist\OrderFulfillment.Domain.jar

compile-test:
Deleting directory C:\Users\asamso0\Eclipse-WS\ServiceLive16_6_16\OrderFulfillment\OrderFulfillment.Domain\target\test-classes
Created dir: C:\Users\asamso0\Eclipse-WS\ServiceLive16_6_16\OrderFulfillment\OrderFulfillment.Domain\target\test-classes
C:\Users\asamso0\Eclipse-WS\ServiceLive16_6_16\SLCommonBuild\ant\wildfly-opt\ant-script-library\asl-java-build.xml:129: warning: 'includeantruntime' was not set, defaulting to build.sysclasspath=last; set to false for repeatable builds
Compiling 2 source files to C:\Users\asamso0\Eclipse-WS\ServiceLive16_6_16\OrderFulfillment\OrderFulfillment.Domain\target\test-classes

junit-report:
Deleting directory C:\Users\asamso0\Eclipse-WS\ServiceLive16_6_16\OrderFulfillment\OrderFulfillment.Domain\OrderFulfillment.DomainReports
Created dir: C:\Users\asamso0\Eclipse-WS\ServiceLive16_6_16\OrderFulfillment\OrderFulfillment.Domain\OrderFulfillment.DomainReports
Running com.servicelive.orderfulfillment.domain.util.ConditionalOfferComparatorTest
Tests run: 1, Failures: 0, Errors: 0, Skipped: 0, Time elapsed: 0.056 sec
Running com.servicelive.orderfulfillment.domain.util.TimeChangeUtilTest
Tests run: 6, Failures: 0, Errors: 0, Skipped: 0, Time elapsed: 0.03 sec
Format the tests report
Processing C:\Users\asamso0\Eclipse-WS\ServiceLive16_6_16\OrderFulfillment\OrderFulfillment.Domain\OrderFulfillment.DomainReports\TESTS-TestSuites.xml to C:\Users\asamso0\AppData\Local\Temp\null1521444846
Loading stylesheet jar:file:/C:/Softwares/EclipseMars/eclipse/plugins/org.apache.ant_1.9.4.v201504302020/lib/ant-junit.jar!/org/apache/tools/ant/taskdefs/optional/junit/xsl/junit-frames.xsl
Transform time: 362ms
Deleting: C:\Users\asamso0\AppData\Local\Temp\null1521444846

dist:
Copying 1 file to C:\Users\asamso0\Eclipse-WS\ServiceLive16_6_16\SLCommonBuild\lib\generated
