Thu Aug 13 14:07:26 CDT 2020  [debug] AvalonLogChute initialized using file 'velocity.log'
Thu Aug 13 14:07:26 CDT 2020  [debug] Velocity was not initialized! Calling init()...
Thu Aug 13 14:07:26 CDT 2020  [trace] *******************************************************************
Thu Aug 13 14:07:26 CDT 2020  [debug] Starting Apache Velocity v1.5 (compiled: 2007-02-22 08:52:29)
Thu Aug 13 14:07:26 CDT 2020  [trace] RuntimeInstance initializing.
Thu Aug 13 14:07:26 CDT 2020  [debug] Default Properties File: org\apache\velocity\runtime\defaults\velocity.properties
Thu Aug 13 14:07:26 CDT 2020  [debug] Trying to use logger class org.apache.velocity.runtime.log.AvalonLogChute
Thu Aug 13 14:07:26 CDT 2020  [debug] Using logger class org.apache.velocity.runtime.log.AvalonLogChute
Thu Aug 13 14:07:26 CDT 2020  [debug] Default ResourceManager initializing. (class org.apache.velocity.runtime.resource.ResourceManagerImpl)
Thu Aug 13 14:07:26 CDT 2020  [debug] ResourceLoader instantiated: org.apache.velocity.runtime.resource.loader.FileResourceLoader
Thu Aug 13 14:07:26 CDT 2020  [trace] FileResourceLoader : initialization starting.
Thu Aug 13 14:07:26 CDT 2020  [debug] Do unicode file recognition:  false
Thu Aug 13 14:07:26 CDT 2020   [info] FileResourceLoader : adding path '.'
Thu Aug 13 14:07:26 CDT 2020  [trace] FileResourceLoader : initialization complete.
Thu Aug 13 14:07:26 CDT 2020  [debug] ResourceCache: initialized (class org.apache.velocity.runtime.resource.ResourceCacheImpl)
Thu Aug 13 14:07:26 CDT 2020  [trace] Default ResourceManager initialization complete.
Thu Aug 13 14:07:26 CDT 2020  [debug] Loaded System Directive: org.apache.velocity.runtime.directive.Literal
Thu Aug 13 14:07:26 CDT 2020  [debug] Loaded System Directive: org.apache.velocity.runtime.directive.Macro
Thu Aug 13 14:07:26 CDT 2020  [debug] Loaded System Directive: org.apache.velocity.runtime.directive.Parse
Thu Aug 13 14:07:26 CDT 2020  [debug] Loaded System Directive: org.apache.velocity.runtime.directive.Include
Thu Aug 13 14:07:26 CDT 2020  [debug] Loaded System Directive: org.apache.velocity.runtime.directive.Foreach
Thu Aug 13 14:07:26 CDT 2020  [debug] Created '20' parsers.
Thu Aug 13 14:07:26 CDT 2020  [trace] Velocimacro : initialization starting.
Thu Aug 13 14:07:26 CDT 2020  [debug] Velocimacro : "velocimacro.library" is not set.  Trying default library: VM_global_library.vm
Thu Aug 13 14:07:26 CDT 2020  [debug] Velocimacro : Default library not found.
Thu Aug 13 14:07:26 CDT 2020  [debug] Velocimacro : allowInline = true : VMs can be defined inline in templates
Thu Aug 13 14:07:26 CDT 2020  [debug] Velocimacro : allowInlineToOverride = false : VMs defined inline may NOT replace previous VM definitions
Thu Aug 13 14:07:26 CDT 2020  [debug] Velocimacro : allowInlineLocal = false : VMs defined inline will be global in scope if allowed.
Thu Aug 13 14:07:26 CDT 2020  [debug] Velocimacro : autoload off : VM system will not automatically reload global library macros
Thu Aug 13 14:07:26 CDT 2020  [trace] Velocimacro : Velocimacro : initialization complete.
Thu Aug 13 14:07:26 CDT 2020  [trace] RuntimeInstance successfully initialized.
